[debug] [2025-05-08T20:15:50.060Z] ----------------------------------------------------------------------
[debug] [2025-05-08T20:15:50.063Z] Command:       C:\Program Files\nodejs\node.exe C:\Users\charl\AppData\Roaming\npm\node_modules\firebase-tools\lib\bin\firebase.js functions:shell
[debug] [2025-05-08T20:15:50.063Z] CLI Version:   14.3.0
[debug] [2025-05-08T20:15:50.063Z] Platform:      win32
[debug] [2025-05-08T20:15:50.063Z] Node Version:  v22.15.0
[debug] [2025-05-08T20:15:50.064Z] Time:          Thu May 08 2025 21:15:50 GMT+0100 (British Summer Time)
[debug] [2025-05-08T20:15:50.064Z] ----------------------------------------------------------------------
[debug] 
[debug] [2025-05-08T20:15:50.217Z] > command requires scopes: ["email","openid","https://www.googleapis.com/auth/cloudplatformprojects.readonly","https://www.googleapis.com/auth/firebase","https://www.googleapis.com/auth/cloud-platform"]
[debug] [2025-05-08T20:15:50.217Z] > authorizing via signed-in user (charlielfisher@hotmail.com)
[debug] [2025-05-08T20:15:50.217Z] [iam] checking project neighbrs-app for permissions ["firebase.projects.get"]
[debug] [2025-05-08T20:15:50.218Z] Checked if tokens are valid: true, expires at: 1746738480160
[debug] [2025-05-08T20:15:50.218Z] Checked if tokens are valid: true, expires at: 1746738480160
[debug] [2025-05-08T20:15:50.219Z] >>> [apiv2][query] POST https://cloudresourcemanager.googleapis.com/v1/projects/neighbrs-app:testIamPermissions [none]
[debug] [2025-05-08T20:15:50.219Z] >>> [apiv2][(partial)header] POST https://cloudresourcemanager.googleapis.com/v1/projects/neighbrs-app:testIamPermissions x-goog-quota-user=projects/neighbrs-app
[debug] [2025-05-08T20:15:50.219Z] >>> [apiv2][body] POST https://cloudresourcemanager.googleapis.com/v1/projects/neighbrs-app:testIamPermissions {"permissions":["firebase.projects.get"]}
[debug] [2025-05-08T20:15:50.890Z] <<< [apiv2][status] POST https://cloudresourcemanager.googleapis.com/v1/projects/neighbrs-app:testIamPermissions 200
[debug] [2025-05-08T20:15:50.890Z] <<< [apiv2][body] POST https://cloudresourcemanager.googleapis.com/v1/projects/neighbrs-app:testIamPermissions {"permissions":["firebase.projects.get"]}
[warn] !  functions: Functions Emulator unable to start on port 5000, starting on 5001 instead. {"metadata":{"emulator":{"name":"functions"},"message":"Functions Emulator unable to start on port 5000, starting on 5001 instead."}}
[debug] [2025-05-08T20:15:50.894Z] [functions] Functions Emulator only supports listening on one address (127.0.0.1). Not listening on ::1
[debug] [2025-05-08T20:15:50.916Z] defaultcredentials: writing to file C:\Users\charl\AppData\Roaming\firebase\charlielfisher_hotmail_com_application_default_credentials.json
[debug] [2025-05-08T20:15:50.918Z] DEBUG: Setting GAC to C:\Users\charl\AppData\Roaming\firebase\charlielfisher_hotmail_com_application_default_credentials.json
[debug] [2025-05-08T20:15:50.918Z] Checked if tokens are valid: true, expires at: 1746738480160
[debug] [2025-05-08T20:15:50.918Z] Checked if tokens are valid: true, expires at: 1746738480160
[debug] [2025-05-08T20:15:50.918Z] >>> [apiv2][query] GET https://firebase.googleapis.com/v1beta1/projects/neighbrs-app/adminSdkConfig [none]
[debug] [2025-05-08T20:15:51.176Z] <<< [apiv2][status] GET https://firebase.googleapis.com/v1beta1/projects/neighbrs-app/adminSdkConfig 200
[debug] [2025-05-08T20:15:51.176Z] <<< [apiv2][body] GET https://firebase.googleapis.com/v1beta1/projects/neighbrs-app/adminSdkConfig {"projectId":"neighbrs-app","storageBucket":"neighbrs-app.firebasestorage.app"}
[debug] [2025-05-08T20:15:51.184Z] [functions] Watching "C:\Users\charl\Documents\Coding\Freelance\Neighbrs App\NeighbrsApp\functions" for Cloud Functions...
[debug] [2025-05-08T20:15:51.187Z] Validating nodejs source
[debug] [2025-05-08T20:15:51.905Z] > [functions] package.json contents: {
  "name": "functions",
  "description": "Cloud Functions for Firebase",
  "scripts": {
    "serve": "firebase emulators:start --only functions",
    "shell": "firebase functions:shell",
    "start": "npm run shell",
    "deploy": "firebase deploy --only functions",
    "logs": "firebase functions:log"
  },
  "engines": {
    "node": "22"
  },
  "main": "index.js",
  "dependencies": {
    "firebase-admin": "^12.6.0",
    "firebase-functions": "^6.0.1",
    "stripe": "^18.1.0"
  },
  "devDependencies": {
    "firebase-functions-test": "^3.1.0"
  },
  "private": true
}
[debug] [2025-05-08T20:15:51.906Z] Building nodejs source
[debug] [2025-05-08T20:15:51.906Z] Failed to find version of module node: reached end of search path C:\Users\charl\Documents\Coding\Freelance\Neighbrs App\NeighbrsApp\functions\node_modules
[info] +  functions: Using node@22 from host. 
[info] i  functions: Loaded environment variables from .env. 
[debug] [2025-05-08T20:15:51.909Z] Could not find functions.yaml. Must use http discovery
[debug] [2025-05-08T20:15:51.913Z] Found firebase-functions binary at 'C:\Users\charl\Documents\Coding\Freelance\Neighbrs App\NeighbrsApp\functions\node_modules\.bin\firebase-functions'
[info] Serving at port 8122

[debug] [2025-05-08T20:15:52.488Z] Got response from /__/functions.yaml {"endpoints":{"createPaymentIntent":{"availableMemoryMb":null,"timeoutSeconds":null,"minInstances":null,"maxInstances":null,"ingressSettings":null,"concurrency":null,"serviceAccountEmail":null,"vpc":null,"platform":"gcfv2","labels":{},"callableTrigger":{},"entryPoint":"createPaymentIntent"},"capturePayment":{"availableMemoryMb":null,"timeoutSeconds":null,"minInstances":null,"maxInstances":null,"ingressSettings":null,"concurrency":null,"serviceAccountEmail":null,"vpc":null,"platform":"gcfv2","labels":{},"callableTrigger":{},"entryPoint":"capturePayment"},"createTipPayment":{"availableMemoryMb":null,"timeoutSeconds":null,"minInstances":null,"maxInstances":null,"ingressSettings":null,"concurrency":null,"serviceAccountEmail":null,"vpc":null,"platform":"gcfv2","labels":{},"callableTrigger":{},"entryPoint":"createTipPayment"},"createStripeCustomer":{"availableMemoryMb":null,"timeoutSeconds":null,"minInstances":null,"maxInstances":null,"ingressSettings":null,"concurrency":null,"serviceAccountEmail":null,"vpc":null,"platform":"gcfv2","labels":{},"callableTrigger":{},"entryPoint":"createStripeCustomer"},"createSetupIntent":{"availableMemoryMb":null,"timeoutSeconds":null,"minInstances":null,"maxInstances":null,"ingressSettings":null,"concurrency":null,"serviceAccountEmail":null,"vpc":null,"platform":"gcfv2","labels":{},"callableTrigger":{},"entryPoint":"createSetupIntent"},"createConnectAccount":{"availableMemoryMb":null,"timeoutSeconds":null,"minInstances":null,"maxInstances":null,"ingressSettings":null,"concurrency":null,"serviceAccountEmail":null,"vpc":null,"platform":"gcfv2","labels":{},"callableTrigger":{},"entryPoint":"createConnectAccount"},"checkConnectAccountStatus":{"availableMemoryMb":null,"timeoutSeconds":null,"minInstances":null,"maxInstances":null,"ingressSettings":null,"concurrency":null,"serviceAccountEmail":null,"vpc":null,"platform":"gcfv2","labels":{},"callableTrigger":{},"entryPoint":"checkConnectAccountStatus"},"createAccountLink":{"availableMemoryMb":null,"timeoutSeconds":null,"minInstances":null,"maxInstances":null,"ingressSettings":null,"concurrency":null,"serviceAccountEmail":null,"vpc":null,"platform":"gcfv2","labels":{},"callableTrigger":{},"entryPoint":"createAccountLink"},"stripeWebhook":{"availableMemoryMb":null,"timeoutSeconds":null,"minInstances":null,"maxInstances":null,"ingressSettings":null,"concurrency":null,"serviceAccountEmail":null,"vpc":null,"platform":"gcfv2","labels":{},"httpsTrigger":{},"entryPoint":"stripeWebhook"}},"specVersion":"v1alpha1","requiredAPIs":[],"extensions":{}}
